<?xml version="1.0" encoding="UTF-8"?>
<testsuite xmlns:xsi="http://www.w3.org/2001/XMLSchema-instance" xsi:noNamespaceSchemaLocation="https://maven.apache.org/surefire/maven-surefire-plugin/xsd/surefire-test-report-3.0.xsd" version="3.0" name="TestSuite" time="1,202.984" tests="4" errors="0" skipped="2" failures="2">
  <properties>
[...]
</properties>
  <testcase name="setupMethod" classname="Axis.CapstoneProject.CapstoneTestCases" time="71.89">
    <failure message="Could not start a new session. Could not start a new session. Error while creating session with the driver service. Stopping driver service: Timed out waiting for driver server to bind the port.&#10;Build info: version: &apos;4.9.1&apos;, revision: &apos;eb2032df7f&apos;&#10;System info: os.name: &apos;Windows 10&apos;, os.arch: &apos;amd64&apos;, os.version: &apos;10.0&apos;, java.version: &apos;20.0.1&apos;&#10;Driver info: driver.version: unknown &#10;Host info: host: &apos;DESKTOP-HR87NGL&apos;, ip: &apos;192.168.88.138&apos;&#10;Build info: version: &apos;4.9.1&apos;, revision: &apos;eb2032df7f&apos;&#10;System info: os.name: &apos;Windows 10&apos;, os.arch: &apos;amd64&apos;, os.version: &apos;10.0&apos;, java.version: &apos;20.0.1&apos;&#10;Driver info: driver.version: unknown&#10;Build info: version: &apos;4.9.1&apos;, revision: &apos;eb2032df7f&apos;&#10;System info: os.name: &apos;Windows 10&apos;, os.arch: &apos;amd64&apos;, os.version: &apos;10.0&apos;, java.version: &apos;20.0.1&apos;&#10;Driver info: driver.version: unknown&#10;Build info: version: &apos;3.141.59&apos;, revision: &apos;e82be7d358&apos;, time: &apos;2018-11-14T08:17:03&apos;&#10;System info: host: &apos;DESKTOP-HR87NGL&apos;, ip: &apos;192.168.88.138&apos;, os.name: &apos;Windows 10&apos;, os.arch: &apos;amd64&apos;, os.version: &apos;10.0&apos;, java.version: &apos;11.0.18&apos;&#10;Driver info: driver.version: RemoteWebDriver&#10;remote stacktrace: [{fileName=RemoteNode.java, moduleVersion=null, nativeMethod=false, moduleName=null, methodName=newSession, className=org.openqa.selenium.grid.node.remote.RemoteNode, lineNumber=150, classLoaderName=app}, {fileName=LocalDistributor.java, moduleVersion=null, nativeMethod=false, moduleName=null, methodName=startSession, className=org.openqa.selenium.grid.distributor.local.LocalDistributor, lineNumber=645, classLoaderName=app}, {fileName=LocalDistributor.java, moduleVersion=null, nativeMethod=false, moduleName=null, methodName=newSession, className=org.openqa.selenium.grid.distributor.local.LocalDistributor, lineNumber=564, classLoaderName=app}, {fileName=LocalDistributor.java, moduleVersion=null, nativeMethod=false, moduleName=null, methodName=handleNewSessionRequest, className=org.openqa.selenium.grid.distributor.local.LocalDistributor$NewSessionRunnable, lineNumber=818, classLoaderName=app}, {fileName=LocalDistributor.java, moduleVersion=null, nativeMethod=false, moduleName=null, methodName=lambda$run$1, className=org.openqa.selenium.grid.distributor.local.LocalDistributor$NewSessionRunnable, lineNumber=779, classLoaderName=app}, {fileName=ThreadPoolExecutor.java, moduleVersion=20.0.1, nativeMethod=false, moduleName=java.base, methodName=runWorker, className=java.util.concurrent.ThreadPoolExecutor, lineNumber=1144, classLoaderName=null}, {fileName=ThreadPoolExecutor.java, moduleVersion=20.0.1, nativeMethod=false, moduleName=java.base, methodName=run, className=java.util.concurrent.ThreadPoolExecutor$Worker, lineNumber=642, classLoaderName=null}, {fileName=Thread.java, moduleVersion=20.0.1, nativeMethod=false, moduleName=java.base, methodName=run, className=java.lang.Thread, lineNumber=1623, classLoaderName=null}]" type="org.openqa.selenium.SessionNotCreatedException"><![CDATA[org.openqa.selenium.SessionNotCreatedException: 
Could not start a new session. Could not start a new session. Error while creating session with the driver service. Stopping driver service: Timed out waiting for driver server to bind the port.
Build info: version: '4.9.1', revision: 'eb2032df7f'
System info: os.name: 'Windows 10', os.arch: 'amd64', os.version: '10.0', java.version: '20.0.1'
Driver info: driver.version: unknown 
Host info: host: 'DESKTOP-HR87NGL', ip: '192.168.88.138'
Build info: version: '4.9.1', revision: 'eb2032df7f'
System info: os.name: 'Windows 10', os.arch: 'amd64', os.version: '10.0', java.version: '20.0.1'
Driver info: driver.version: unknown
Build info: version: '4.9.1', revision: 'eb2032df7f'
System info: os.name: 'Windows 10', os.arch: 'amd64', os.version: '10.0', java.version: '20.0.1'
Driver info: driver.version: unknown
Build info: version: '3.141.59', revision: 'e82be7d358', time: '2018-11-14T08:17:03'
System info: host: 'DESKTOP-HR87NGL', ip: '192.168.88.138', os.name: 'Windows 10', os.arch: 'amd64', os.version: '10.0', java.version: '11.0.18'
Driver info: driver.version: RemoteWebDriver
remote stacktrace: [{fileName=RemoteNode.java, moduleVersion=null, nativeMethod=false, moduleName=null, methodName=newSession, className=org.openqa.selenium.grid.node.remote.RemoteNode, lineNumber=150, classLoaderName=app}, {fileName=LocalDistributor.java, moduleVersion=null, nativeMethod=false, moduleName=null, methodName=startSession, className=org.openqa.selenium.grid.distributor.local.LocalDistributor, lineNumber=645, classLoaderName=app}, {fileName=LocalDistributor.java, moduleVersion=null, nativeMethod=false, moduleName=null, methodName=newSession, className=org.openqa.selenium.grid.distributor.local.LocalDistributor, lineNumber=564, classLoaderName=app}, {fileName=LocalDistributor.java, moduleVersion=null, nativeMethod=false, moduleName=null, methodName=handleNewSessionRequest, className=org.openqa.selenium.grid.distributor.local.LocalDistributor$NewSessionRunnable, lineNumber=818, classLoaderName=app}, {fileName=LocalDistributor.java, moduleVersion=null, nativeMethod=false, moduleName=null, methodName=lambda$run$1, className=org.openqa.selenium.grid.distributor.local.LocalDistributor$NewSessionRunnable, lineNumber=779, classLoaderName=app}, {fileName=ThreadPoolExecutor.java, moduleVersion=20.0.1, nativeMethod=false, moduleName=java.base, methodName=runWorker, className=java.util.concurrent.ThreadPoolExecutor, lineNumber=1144, classLoaderName=null}, {fileName=ThreadPoolExecutor.java, moduleVersion=20.0.1, nativeMethod=false, moduleName=java.base, methodName=run, className=java.util.concurrent.ThreadPoolExecutor$Worker, lineNumber=642, classLoaderName=null}, {fileName=Thread.java, moduleVersion=20.0.1, nativeMethod=false, moduleName=java.base, methodName=run, className=java.lang.Thread, lineNumber=1623, classLoaderName=null}]
	at Axis.CapstoneProject.CapstoneTestCases.setupMethod(CapstoneTestCases.java:22)
]]></failure>
    <system-out><![CDATA[[TestNGContentHandler] [WARN] It is strongly recommended to add "<!DOCTYPE suite SYSTEM "http://testng.org/testng-1.0.dtd" >" at the top of your file, otherwise TestNG may fail or not work as expected.
MicrosoftEdge Browser Initiated
Chrome Browser Initiated
]]></system-out>
    <system-err><![CDATA[Jun 20, 2023 1:03:17 PM org.openqa.selenium.remote.DesiredCapabilities edge
INFO: Using `new EdgeOptions()` is preferred to `DesiredCapabilities.edge()`
Jun 20, 2023 1:03:17 PM org.openqa.selenium.remote.DesiredCapabilities chrome
INFO: Using `new ChromeOptions()` is preferred to `DesiredCapabilities.chrome()`
]]></system-err>
  </testcase>
  <testcase name="setupMethod" classname="Axis.CapstoneProject.CapstoneTestCases" time="1,201.85">
    <failure message="An unknown error has occurred&#10;Build info: version: &apos;3.141.59&apos;, revision: &apos;e82be7d358&apos;, time: &apos;2018-11-14T08:17:03&apos;&#10;System info: host: &apos;DESKTOP-HR87NGL&apos;, ip: &apos;192.168.88.138&apos;, os.name: &apos;Windows 10&apos;, os.arch: &apos;amd64&apos;, os.version: &apos;10.0&apos;, java.version: &apos;11.0.18&apos;&#10;Driver info: org.openqa.selenium.remote.RemoteWebDriver&#10;Capabilities {acceptInsecureCerts: false, browserName: chrome, browserVersion: 114.0.5735.134, chrome: {chromedriverVersion: 114.0.5735.90 (386bc09e8f4f..., userDataDir: C:\Users\ROHITH~1\AppData\L...}, goog:chromeOptions: {debuggerAddress: localhost:50286}, javascriptEnabled: true, networkConnectionEnabled: false, pageLoadStrategy: normal, platform: WINDOWS, platformName: WINDOWS, proxy: Proxy(), se:bidiEnabled: false, se:cdp: ws://192.168.88.138:4444/se..., se:cdpVersion: 114.0.5735.134, setWindowRect: true, strictFileInteractability: false, timeouts: {implicit: 0, pageLoad: 300000, script: 30000}, unhandledPromptBehavior: dismiss and notify, webauthn:extension:credBlob: true, webauthn:extension:largeBlob: true, webauthn:extension:minPinLength: true, webauthn:extension:prf: true, webauthn:virtualAuthenticators: true}&#10;Session ID: 15e7cb14e52842864a7e6e10b29e4845" type="org.openqa.selenium.WebDriverException"><![CDATA[org.openqa.selenium.WebDriverException: 
An unknown error has occurred
Build info: version: '3.141.59', revision: 'e82be7d358', time: '2018-11-14T08:17:03'
System info: host: 'DESKTOP-HR87NGL', ip: '192.168.88.138', os.name: 'Windows 10', os.arch: 'amd64', os.version: '10.0', java.version: '11.0.18'
Driver info: org.openqa.selenium.remote.RemoteWebDriver
Capabilities {acceptInsecureCerts: false, browserName: chrome, browserVersion: 114.0.5735.134, chrome: {chromedriverVersion: 114.0.5735.90 (386bc09e8f4f..., userDataDir: C:\Users\ROHITH~1\AppData\L...}, goog:chromeOptions: {debuggerAddress: localhost:50286}, javascriptEnabled: true, networkConnectionEnabled: false, pageLoadStrategy: normal, platform: WINDOWS, platformName: WINDOWS, proxy: Proxy(), se:bidiEnabled: false, se:cdp: ws://192.168.88.138:4444/se..., se:cdpVersion: 114.0.5735.134, setWindowRect: true, strictFileInteractability: false, timeouts: {implicit: 0, pageLoad: 300000, script: 30000}, unhandledPromptBehavior: dismiss and notify, webauthn:extension:credBlob: true, webauthn:extension:largeBlob: true, webauthn:extension:minPinLength: true, webauthn:extension:prf: true, webauthn:virtualAuthenticators: true}
Session ID: 15e7cb14e52842864a7e6e10b29e4845
	at Axis.CapstoneProject.CapstoneTestCases.setupMethod(CapstoneTestCases.java:22)
]]></failure>
    <system-err><![CDATA[Jun 20, 2023 1:05:08 PM org.openqa.selenium.remote.ProtocolHandshake createSession
INFO: Detected dialect: W3C
Jun 20, 2023 1:23:11 PM org.openqa.selenium.remote.ErrorCodes toStatus
INFO: HTTP Status: '504' -> incorrect JSON status mapping for 'unknown error' (500 expected)
]]></system-err>
  </testcase>
  <testcase name="Scenarios" classname="Axis.CapstoneProject.CapstoneTestCases" time="0">
    <skipped message="Could not start a new session. Could not start a new session. Error while creating session with the driver service. Stopping driver service: Timed out waiting for driver server to bind the port.&#10;Build info: version: &apos;4.9.1&apos;, revision: &apos;eb2032df7f&apos;&#10;System info: os.name: &apos;Windows 10&apos;, os.arch: &apos;amd64&apos;, os.version: &apos;10.0&apos;, java.version: &apos;20.0.1&apos;&#10;Driver info: driver.version: unknown &#10;Host info: host: &apos;DESKTOP-HR87NGL&apos;, ip: &apos;192.168.88.138&apos;&#10;Build info: version: &apos;4.9.1&apos;, revision: &apos;eb2032df7f&apos;&#10;System info: os.name: &apos;Windows 10&apos;, os.arch: &apos;amd64&apos;, os.version: &apos;10.0&apos;, java.version: &apos;20.0.1&apos;&#10;Driver info: driver.version: unknown&#10;Build info: version: &apos;4.9.1&apos;, revision: &apos;eb2032df7f&apos;&#10;System info: os.name: &apos;Windows 10&apos;, os.arch: &apos;amd64&apos;, os.version: &apos;10.0&apos;, java.version: &apos;20.0.1&apos;&#10;Driver info: driver.version: unknown&#10;Build info: version: &apos;3.141.59&apos;, revision: &apos;e82be7d358&apos;, time: &apos;2018-11-14T08:17:03&apos;&#10;System info: host: &apos;DESKTOP-HR87NGL&apos;, ip: &apos;192.168.88.138&apos;, os.name: &apos;Windows 10&apos;, os.arch: &apos;amd64&apos;, os.version: &apos;10.0&apos;, java.version: &apos;11.0.18&apos;&#10;Driver info: driver.version: RemoteWebDriver&#10;remote stacktrace: [{fileName=RemoteNode.java, moduleVersion=null, nativeMethod=false, moduleName=null, methodName=newSession, className=org.openqa.selenium.grid.node.remote.RemoteNode, lineNumber=150, classLoaderName=app}, {fileName=LocalDistributor.java, moduleVersion=null, nativeMethod=false, moduleName=null, methodName=startSession, className=org.openqa.selenium.grid.distributor.local.LocalDistributor, lineNumber=645, classLoaderName=app}, {fileName=LocalDistributor.java, moduleVersion=null, nativeMethod=false, moduleName=null, methodName=newSession, className=org.openqa.selenium.grid.distributor.local.LocalDistributor, lineNumber=564, classLoaderName=app}, {fileName=LocalDistributor.java, moduleVersion=null, nativeMethod=false, moduleName=null, methodName=handleNewSessionRequest, className=org.openqa.selenium.grid.distributor.local.LocalDistributor$NewSessionRunnable, lineNumber=818, classLoaderName=app}, {fileName=LocalDistributor.java, moduleVersion=null, nativeMethod=false, moduleName=null, methodName=lambda$run$1, className=org.openqa.selenium.grid.distributor.local.LocalDistributor$NewSessionRunnable, lineNumber=779, classLoaderName=app}, {fileName=ThreadPoolExecutor.java, moduleVersion=20.0.1, nativeMethod=false, moduleName=java.base, methodName=runWorker, className=java.util.concurrent.ThreadPoolExecutor, lineNumber=1144, classLoaderName=null}, {fileName=ThreadPoolExecutor.java, moduleVersion=20.0.1, nativeMethod=false, moduleName=java.base, methodName=run, className=java.util.concurrent.ThreadPoolExecutor$Worker, lineNumber=642, classLoaderName=null}, {fileName=Thread.java, moduleVersion=20.0.1, nativeMethod=false, moduleName=java.base, methodName=run, className=java.lang.Thread, lineNumber=1623, classLoaderName=null}]"/>
  </testcase>
  <testcase name="Scenarios" classname="Axis.CapstoneProject.CapstoneTestCases" time="0">
    <skipped message="An unknown error has occurred&#10;Build info: version: &apos;3.141.59&apos;, revision: &apos;e82be7d358&apos;, time: &apos;2018-11-14T08:17:03&apos;&#10;System info: host: &apos;DESKTOP-HR87NGL&apos;, ip: &apos;192.168.88.138&apos;, os.name: &apos;Windows 10&apos;, os.arch: &apos;amd64&apos;, os.version: &apos;10.0&apos;, java.version: &apos;11.0.18&apos;&#10;Driver info: org.openqa.selenium.remote.RemoteWebDriver&#10;Capabilities {acceptInsecureCerts: false, browserName: chrome, browserVersion: 114.0.5735.134, chrome: {chromedriverVersion: 114.0.5735.90 (386bc09e8f4f..., userDataDir: C:\Users\ROHITH~1\AppData\L...}, goog:chromeOptions: {debuggerAddress: localhost:50286}, javascriptEnabled: true, networkConnectionEnabled: false, pageLoadStrategy: normal, platform: WINDOWS, platformName: WINDOWS, proxy: Proxy(), se:bidiEnabled: false, se:cdp: ws://192.168.88.138:4444/se..., se:cdpVersion: 114.0.5735.134, setWindowRect: true, strictFileInteractability: false, timeouts: {implicit: 0, pageLoad: 300000, script: 30000}, unhandledPromptBehavior: dismiss and notify, webauthn:extension:credBlob: true, webauthn:extension:largeBlob: true, webauthn:extension:minPinLength: true, webauthn:extension:prf: true, webauthn:virtualAuthenticators: true}&#10;Session ID: 15e7cb14e52842864a7e6e10b29e4845"/>
  </testcase>
</testsuite>